[2025-05-11 07:38:24Z INFO HostContext] No proxy settings were found based on environmental variables (http_proxy/https_proxy/HTTP_PROXY/HTTPS_PROXY)
[2025-05-11 07:38:24Z INFO HostContext] Well known directory 'Bin': 'C:\Users\gmaki\IdeaProjects\java\bin'
[2025-05-11 07:38:24Z INFO HostContext] Well known directory 'Root': 'C:\Users\gmaki\IdeaProjects\java'
[2025-05-11 07:38:24Z INFO HostContext] Well known config file 'Credentials': 'C:\Users\gmaki\IdeaProjects\java\.credentials'
[2025-05-11 07:38:24Z INFO HostContext] Well known directory 'Bin': 'C:\Users\gmaki\IdeaProjects\java\bin'
[2025-05-11 07:38:24Z INFO HostContext] Well known directory 'Root': 'C:\Users\gmaki\IdeaProjects\java'
[2025-05-11 07:38:24Z INFO HostContext] Well known config file 'Runner': 'C:\Users\gmaki\IdeaProjects\java\.runner'
[2025-05-11 07:38:24Z INFO Listener] Runner is built for Windows (X64) - win-x64.
[2025-05-11 07:38:24Z INFO Listener] RuntimeInformation: Microsoft Windows 10.0.26100.
[2025-05-11 07:38:24Z INFO Listener] Version: 2.323.0
[2025-05-11 07:38:24Z INFO Listener] Commit: d8b82f44a9ec0258904d5869ae683c31d5aac299
[2025-05-11 07:38:24Z INFO Listener] Culture: ja-JP
[2025-05-11 07:38:24Z INFO Listener] UI Culture: ja-JP
[2025-05-11 07:38:24Z INFO HostContext] Well known directory 'Bin': 'C:\Users\gmaki\IdeaProjects\java\bin'
[2025-05-11 07:38:24Z INFO HostContext] Well known directory 'Root': 'C:\Users\gmaki\IdeaProjects\java'
[2025-05-11 07:38:24Z INFO Listener] Validating directory permissions for: 'C:\Users\gmaki\IdeaProjects\java'
[2025-05-11 07:38:24Z INFO CommandLineParser] Parse
[2025-05-11 07:38:24Z INFO CommandLineParser] Parsing 5 args
[2025-05-11 07:38:24Z INFO CommandLineParser] parsing argument
[2025-05-11 07:38:24Z INFO CommandLineParser] HasArgs: False
[2025-05-11 07:38:24Z INFO CommandLineParser] Adding Command: configure
[2025-05-11 07:38:24Z INFO CommandLineParser] parsing argument
[2025-05-11 07:38:24Z INFO CommandLineParser] HasArgs: True
[2025-05-11 07:38:24Z INFO CommandLineParser] arg: url
[2025-05-11 07:38:24Z INFO CommandLineParser] parsing argument
[2025-05-11 07:38:24Z INFO CommandLineParser] HasArgs: True
[2025-05-11 07:38:24Z INFO CommandLineParser] Adding option 'url': 'https://github.com/kakusan0/java'
[2025-05-11 07:38:24Z INFO CommandLineParser] parsing argument
[2025-05-11 07:38:24Z INFO CommandLineParser] HasArgs: True
[2025-05-11 07:38:24Z INFO CommandLineParser] arg: token
[2025-05-11 07:38:24Z INFO CommandLineParser] parsing argument
[2025-05-11 07:38:24Z INFO CommandLineParser] HasArgs: True
[2025-05-11 07:38:24Z INFO CommandLineParser] Adding option 'token': '***'
[2025-05-11 07:38:24Z INFO Listener] Arguments parsed
[2025-05-11 07:38:24Z INFO Runner] ExecuteCommand
[2025-05-11 07:38:24Z INFO ConfigurationStore] currentAssemblyLocation: C:\Users\gmaki\IdeaProjects\java\bin\Runner.Listener.dll
[2025-05-11 07:38:24Z INFO HostContext] Well known directory 'Bin': 'C:\Users\gmaki\IdeaProjects\java\bin'
[2025-05-11 07:38:24Z INFO ConfigurationStore] binPath: C:\Users\gmaki\IdeaProjects\java\bin
[2025-05-11 07:38:24Z INFO HostContext] Well known directory 'Bin': 'C:\Users\gmaki\IdeaProjects\java\bin'
[2025-05-11 07:38:24Z INFO HostContext] Well known directory 'Root': 'C:\Users\gmaki\IdeaProjects\java'
[2025-05-11 07:38:24Z INFO ConfigurationStore] RootFolder: C:\Users\gmaki\IdeaProjects\java
[2025-05-11 07:38:24Z INFO HostContext] Well known directory 'Bin': 'C:\Users\gmaki\IdeaProjects\java\bin'
[2025-05-11 07:38:24Z INFO HostContext] Well known directory 'Root': 'C:\Users\gmaki\IdeaProjects\java'
[2025-05-11 07:38:24Z INFO HostContext] Well known config file 'Runner': 'C:\Users\gmaki\IdeaProjects\java\.runner'
[2025-05-11 07:38:24Z INFO ConfigurationStore] ConfigFilePath: C:\Users\gmaki\IdeaProjects\java\.runner
[2025-05-11 07:38:24Z INFO HostContext] Well known directory 'Bin': 'C:\Users\gmaki\IdeaProjects\java\bin'
[2025-05-11 07:38:24Z INFO HostContext] Well known directory 'Root': 'C:\Users\gmaki\IdeaProjects\java'
[2025-05-11 07:38:24Z INFO HostContext] Well known config file 'MigratedRunner': 'C:\Users\gmaki\IdeaProjects\java\.runner_migrated'
[2025-05-11 07:38:24Z INFO ConfigurationStore] MigratedConfigFilePath: C:\Users\gmaki\IdeaProjects\java\.runner_migrated
[2025-05-11 07:38:24Z INFO HostContext] Well known directory 'Bin': 'C:\Users\gmaki\IdeaProjects\java\bin'
[2025-05-11 07:38:24Z INFO HostContext] Well known directory 'Root': 'C:\Users\gmaki\IdeaProjects\java'
[2025-05-11 07:38:24Z INFO HostContext] Well known config file 'Credentials': 'C:\Users\gmaki\IdeaProjects\java\.credentials'
[2025-05-11 07:38:24Z INFO ConfigurationStore] CredFilePath: C:\Users\gmaki\IdeaProjects\java\.credentials
[2025-05-11 07:38:24Z INFO HostContext] Well known directory 'Bin': 'C:\Users\gmaki\IdeaProjects\java\bin'
[2025-05-11 07:38:24Z INFO HostContext] Well known directory 'Root': 'C:\Users\gmaki\IdeaProjects\java'
[2025-05-11 07:38:24Z INFO HostContext] Well known config file 'MigratedCredentials': 'C:\Users\gmaki\IdeaProjects\java\.credentials_migrated'
[2025-05-11 07:38:24Z INFO ConfigurationStore] MigratedCredFilePath: C:\Users\gmaki\IdeaProjects\java\.credentials_migrated
[2025-05-11 07:38:24Z INFO HostContext] Well known directory 'Bin': 'C:\Users\gmaki\IdeaProjects\java\bin'
[2025-05-11 07:38:24Z INFO HostContext] Well known directory 'Root': 'C:\Users\gmaki\IdeaProjects\java'
[2025-05-11 07:38:24Z INFO HostContext] Well known config file 'Service': 'C:\Users\gmaki\IdeaProjects\java\.service'
[2025-05-11 07:38:24Z INFO ConfigurationStore] ServiceConfigFilePath: C:\Users\gmaki\IdeaProjects\java\.service
[2025-05-11 07:38:24Z INFO CommandSettings] Flag 'help': 'False'
[2025-05-11 07:38:24Z INFO CommandSettings] Flag 'version': 'False'
[2025-05-11 07:38:24Z INFO CommandSettings] Flag 'commit': 'False'
[2025-05-11 07:38:24Z INFO CommandSettings] Flag 'check': 'False'
[2025-05-11 07:38:24Z INFO CommandSettings] Command 'configure': 'True'
[2025-05-11 07:38:24Z INFO Terminal] WRITE LINE: 
[2025-05-11 07:38:24Z INFO Terminal] WRITE LINE: --------------------------------------------------------------------------------
[2025-05-11 07:38:24Z INFO Terminal] WRITE LINE: |        ____ _ _   _   _       _          _        _   _                      |
[2025-05-11 07:38:24Z INFO Terminal] WRITE LINE: |       / ___(_) |_| | | |_   _| |__      / \   ___| |_(_) ___  _ __  ___      |
[2025-05-11 07:38:24Z INFO Terminal] WRITE LINE: |      | |  _| | __| |_| | | | | '_ \    / _ \ / __| __| |/ _ \| '_ \/ __|     |
[2025-05-11 07:38:24Z INFO Terminal] WRITE LINE: |      | |_| | | |_|  _  | |_| | |_) |  / ___ \ (__| |_| | (_) | | | \__ \     |
[2025-05-11 07:38:24Z INFO Terminal] WRITE LINE: |       \____|_|\__|_| |_|\__,_|_.__/  /_/   \_\___|\__|_|\___/|_| |_|___/     |
[2025-05-11 07:38:24Z INFO Terminal] WRITE LINE: |                                                                              |
[2025-05-11 07:38:24Z INFO Terminal] WRITE: |                       
[2025-05-11 07:38:24Z INFO Terminal] WRITE: Self-hosted runner registration
[2025-05-11 07:38:24Z INFO Terminal] WRITE LINE:                         |
[2025-05-11 07:38:24Z INFO Terminal] WRITE LINE: |                                                                              |
[2025-05-11 07:38:24Z INFO Terminal] WRITE LINE: --------------------------------------------------------------------------------
[2025-05-11 07:38:24Z INFO ConfigurationManager] ConfigureAsync
[2025-05-11 07:38:24Z INFO CommandSettings] Flag 'generateServiceConfig': 'False'
[2025-05-11 07:38:24Z INFO ConfigurationStore] IsConfigured()
[2025-05-11 07:38:24Z INFO ConfigurationStore] IsConfigured: False
[2025-05-11 07:38:24Z INFO ConfigurationManager] Is configured: False
[2025-05-11 07:38:24Z INFO CommandSettings] Arg 'url': 'https://github.com/kakusan0/java'
[2025-05-11 07:38:24Z INFO CommandSettings] Remove url from Arg dictionary.
[2025-05-11 07:38:24Z INFO CommandSettings] Arg 'token': '***'
[2025-05-11 07:38:24Z INFO CommandSettings] Remove token from Arg dictionary.
[2025-05-11 07:38:25Z INFO ConfigurationManager] Http response code: OK from 'POST https://api.github.com/actions/runner-registration' (C79A:1708D2:88E5F1:BAE718:682053F1)
[2025-05-11 07:38:25Z INFO ConfigurationManager] Using V2 flow: False
[2025-05-11 07:38:25Z INFO ConfigurationManager] cred retrieved via GitHub auth
[2025-05-11 07:38:25Z INFO RunnerServer] EstablishVssConnection
[2025-05-11 07:38:25Z INFO RunnerServer] Establish connection with 100 seconds timeout.
[2025-05-11 07:38:25Z INFO GitHubActionsService] Starting operation Location.GetConnectionData
[2025-05-11 07:38:25Z INFO RunnerServer] EstablishVssConnection
[2025-05-11 07:38:25Z INFO RunnerServer] Establish connection with 60 seconds timeout.
[2025-05-11 07:38:25Z INFO GitHubActionsService] Starting operation Location.GetConnectionData
[2025-05-11 07:38:25Z INFO RunnerServer] EstablishVssConnection
[2025-05-11 07:38:25Z INFO RunnerServer] Establish connection with 60 seconds timeout.
[2025-05-11 07:38:25Z INFO GitHubActionsService] Starting operation Location.GetConnectionData
[2025-05-11 07:38:26Z INFO GitHubActionsService] Finished operation Location.GetConnectionData
[2025-05-11 07:38:26Z INFO GitHubActionsService] Finished operation Location.GetConnectionData
[2025-05-11 07:38:26Z INFO GitHubActionsService] Finished operation Location.GetConnectionData
[2025-05-11 07:38:26Z INFO Terminal] WRITE LINE: 
[2025-05-11 07:38:26Z INFO ConfigurationManager] Test Connection complete.
[2025-05-11 07:38:26Z INFO HostContext] Well known directory 'Bin': 'C:\Users\gmaki\IdeaProjects\java\bin'
[2025-05-11 07:38:26Z INFO HostContext] Well known directory 'Root': 'C:\Users\gmaki\IdeaProjects\java'
[2025-05-11 07:38:26Z INFO HostContext] Well known config file 'RSACredentials': 'C:\Users\gmaki\IdeaProjects\java\.credentials_rsaparams'
[2025-05-11 07:38:26Z INFO RSAEncryptedFileKeyManager] Creating new RSA key using 2048-bit key length
[2025-05-11 07:38:26Z INFO RSAEncryptedFileKeyManager] Successfully saved RSA key parameters to file C:\Users\gmaki\IdeaProjects\java\.credentials_rsaparams
[2025-05-11 07:38:26Z INFO CommandSettings] Arg 'runnergroup': ''
[2025-05-11 07:38:26Z INFO CommandSettings] Flag 'unattended': 'False'
[2025-05-11 07:38:26Z INFO PromptManager] ReadValue
[2025-05-11 07:38:26Z INFO Terminal] WRITE: Enter the name of the runner group to add this runner to: 
[2025-05-11 07:38:26Z INFO Terminal] WRITE: [press Enter for Default] 
[2025-05-11 07:38:26Z INFO Terminal] READ LINE
[2025-05-11 07:38:33Z INFO Terminal] Read value: ''
[2025-05-11 07:38:33Z INFO PromptManager] Falling back to the default: 'Default'
[2025-05-11 07:38:33Z INFO Terminal] WRITE LINE: 
[2025-05-11 07:38:33Z INFO ConfigurationManager] Found a self-hosted runner group with id 1 and name Default
[2025-05-11 07:38:33Z INFO CommandSettings] Flag 'disableupdate': 'False'
[2025-05-11 07:38:33Z INFO CommandSettings] Flag 'ephemeral': 'False'
[2025-05-11 07:38:33Z INFO CommandSettings] Arg 'name': ''
[2025-05-11 07:38:33Z INFO CommandSettings] Flag 'unattended': 'False'
[2025-05-11 07:38:33Z INFO PromptManager] ReadValue
[2025-05-11 07:38:33Z INFO Terminal] WRITE: Enter the name of runner: 
[2025-05-11 07:38:33Z INFO Terminal] WRITE: [press Enter for DESKTOP-I6AFO2L] 
[2025-05-11 07:38:33Z INFO Terminal] READ LINE
[2025-05-11 07:38:34Z INFO Terminal] Read value: ''
[2025-05-11 07:38:34Z INFO PromptManager] Falling back to the default: 'DESKTOP-I6AFO2L'
[2025-05-11 07:38:34Z INFO Terminal] WRITE LINE: 
[2025-05-11 07:38:34Z INFO CommandSettings] Arg 'labels': ''
[2025-05-11 07:38:34Z INFO CommandSettings] Flag 'unattended': 'False'
[2025-05-11 07:38:34Z INFO PromptManager] ReadValue
[2025-05-11 07:38:34Z INFO Terminal] WRITE: This runner will have the following labels: 'self-hosted', 'Windows', 'X64' 
Enter any additional labels (ex. label-1,label-2): 
[2025-05-11 07:38:34Z INFO Terminal] WRITE: [press Enter to skip] 
[2025-05-11 07:38:34Z INFO Terminal] READ LINE
[2025-05-11 07:38:39Z INFO Terminal] Read value: ''
[2025-05-11 07:38:39Z INFO Terminal] WRITE LINE: 
[2025-05-11 07:38:39Z INFO CommandSettings] Flag 'disableupdate': 'False'
[2025-05-11 07:38:39Z INFO CommandSettings] Flag 'no-default-labels': 'False'
[2025-05-11 07:38:40Z INFO CommandSettings] Flag 'disableupdate': 'False'
[2025-05-11 07:38:40Z INFO CommandSettings] Flag 'ephemeral': 'False'
[2025-05-11 07:38:40Z INFO ConfigurationStore] Saving OAuth credential @ C:\Users\gmaki\IdeaProjects\java\.credentials
[2025-05-11 07:38:40Z INFO ConfigurationStore] Credentials Saved.
[2025-05-11 07:38:40Z INFO ConfigurationStore] HasCredentials()
[2025-05-11 07:38:40Z INFO ConfigurationStore] stored True
[2025-05-11 07:38:40Z INFO CredentialManager] GetCredentialProvider
[2025-05-11 07:38:40Z INFO CredentialManager] Creating type OAuth
[2025-05-11 07:38:40Z INFO CredentialManager] Creating credential type: OAuth
[2025-05-11 07:38:40Z INFO RSAEncryptedFileKeyManager] Loading RSA key parameters from file C:\Users\gmaki\IdeaProjects\java\.credentials_rsaparams
[2025-05-11 07:38:40Z INFO RunnerServer] EstablishVssConnection
[2025-05-11 07:38:40Z INFO RunnerServer] Establish connection with 100 seconds timeout.
[2025-05-11 07:38:40Z INFO GitHubActionsService] Starting operation Location.GetConnectionData
[2025-05-11 07:38:40Z INFO RunnerServer] EstablishVssConnection
[2025-05-11 07:38:40Z INFO RunnerServer] Establish connection with 60 seconds timeout.
[2025-05-11 07:38:40Z INFO GitHubActionsService] Starting operation Location.GetConnectionData
[2025-05-11 07:38:40Z INFO RunnerServer] EstablishVssConnection
[2025-05-11 07:38:40Z INFO RunnerServer] Establish connection with 60 seconds timeout.
[2025-05-11 07:38:40Z INFO GitHubActionsService] Starting operation Location.GetConnectionData
[2025-05-11 07:38:40Z INFO GitHubActionsService] Finished operation Location.GetConnectionData
[2025-05-11 07:38:40Z INFO GitHubActionsService] Finished operation Location.GetConnectionData
[2025-05-11 07:38:40Z INFO GitHubActionsService] Finished operation Location.GetConnectionData
[2025-05-11 07:38:40Z INFO RSAEncryptedFileKeyManager] Loading RSA key parameters from file C:\Users\gmaki\IdeaProjects\java\.credentials_rsaparams
[2025-05-11 07:38:40Z INFO RSAEncryptedFileKeyManager] Loading RSA key parameters from file C:\Users\gmaki\IdeaProjects\java\.credentials_rsaparams
[2025-05-11 07:38:41Z INFO GitHubActionsService] AAD Correlation ID for this token request: Unknown
[2025-05-11 07:38:41Z INFO CommandSettings] Arg 'work': ''
[2025-05-11 07:38:41Z INFO CommandSettings] Flag 'unattended': 'False'
[2025-05-11 07:38:41Z INFO PromptManager] ReadValue
[2025-05-11 07:38:41Z INFO Terminal] WRITE: Enter name of work folder: 
[2025-05-11 07:38:41Z INFO Terminal] WRITE: [press Enter for _work] 
[2025-05-11 07:38:41Z INFO Terminal] READ LINE
[2025-05-11 07:38:45Z INFO Terminal] Read value: ''
[2025-05-11 07:38:45Z INFO PromptManager] Falling back to the default: '_work'
[2025-05-11 07:38:45Z INFO ConfigurationStore] Saving runner settings.
[2025-05-11 07:38:45Z INFO ConfigurationStore] Settings Saved.
[2025-05-11 07:38:45Z INFO Terminal] WRITE LINE: 
[2025-05-11 07:38:45Z INFO Terminal] WRITE LINE: 
[2025-05-11 07:38:45Z INFO CommandSettings] Flag 'runasservice': 'False'
[2025-05-11 07:38:45Z INFO CommandSettings] Flag 'unattended': 'False'
[2025-05-11 07:38:45Z INFO PromptManager] ReadValue
[2025-05-11 07:38:45Z INFO Terminal] WRITE: Would you like to run the runner as service? (Y/N) 
[2025-05-11 07:38:45Z INFO Terminal] WRITE: [press Enter for N] 
[2025-05-11 07:38:45Z INFO Terminal] READ LINE
[2025-05-11 07:38:48Z INFO Terminal] Read value: 'y'
[2025-05-11 07:38:48Z INFO ConfigurationManager] Configuring to run the agent as service
[2025-05-11 07:38:48Z ERR  WindowsServiceControlManager] Needs Administrator privileges for configure runner as windows service.
[2025-05-11 07:38:48Z ERR  Runner] System.Security.SecurityException: Needs Administrator privileges for configuring runner as windows service.
   at GitHub.Runner.Listener.Configuration.WindowsServiceControlManager.ConfigureService(RunnerSettings settings, CommandSettings command)
   at GitHub.Runner.Listener.Configuration.ConfigurationManager.ConfigureAsync(CommandSettings command)
   at GitHub.Runner.Listener.Runner.ExecuteCommand(CommandSettings command)
[2025-05-11 07:38:48Z ERR  Terminal] WRITE ERROR: Needs Administrator privileges for configuring runner as windows service.
[2025-05-11 07:38:48Z INFO Listener] Runner execution has finished with return code 1
