[2025-05-11 07:35:28Z INFO HostContext] No proxy settings were found based on environmental variables (http_proxy/https_proxy/HTTP_PROXY/HTTPS_PROXY)
[2025-05-11 07:35:28Z INFO HostContext] Well known directory 'Bin': 'C:\Users\gmaki\IdeaProjects\java\bin'
[2025-05-11 07:35:28Z INFO HostContext] Well known directory 'Root': 'C:\Users\gmaki\IdeaProjects\java'
[2025-05-11 07:35:28Z INFO HostContext] Well known config file 'Credentials': 'C:\Users\gmaki\IdeaProjects\java\.credentials'
[2025-05-11 07:35:28Z INFO HostContext] Well known directory 'Bin': 'C:\Users\gmaki\IdeaProjects\java\bin'
[2025-05-11 07:35:28Z INFO HostContext] Well known directory 'Root': 'C:\Users\gmaki\IdeaProjects\java'
[2025-05-11 07:35:28Z INFO HostContext] Well known config file 'Runner': 'C:\Users\gmaki\IdeaProjects\java\.runner'
[2025-05-11 07:35:28Z INFO Listener] Runner is built for Windows (X64) - win-x64.
[2025-05-11 07:35:28Z INFO Listener] RuntimeInformation: Microsoft Windows 10.0.26100.
[2025-05-11 07:35:28Z INFO Listener] Version: 2.323.0
[2025-05-11 07:35:28Z INFO Listener] Commit: d8b82f44a9ec0258904d5869ae683c31d5aac299
[2025-05-11 07:35:28Z INFO Listener] Culture: ja-JP
[2025-05-11 07:35:28Z INFO Listener] UI Culture: ja-JP
[2025-05-11 07:35:28Z INFO HostContext] Well known directory 'Bin': 'C:\Users\gmaki\IdeaProjects\java\bin'
[2025-05-11 07:35:28Z INFO HostContext] Well known directory 'Root': 'C:\Users\gmaki\IdeaProjects\java'
[2025-05-11 07:35:28Z INFO Listener] Validating directory permissions for: 'C:\Users\gmaki\IdeaProjects\java'
[2025-05-11 07:35:28Z INFO CommandLineParser] Parse
[2025-05-11 07:35:28Z INFO CommandLineParser] Parsing 1 args
[2025-05-11 07:35:28Z INFO CommandLineParser] parsing argument
[2025-05-11 07:35:28Z INFO CommandLineParser] HasArgs: False
[2025-05-11 07:35:28Z INFO CommandLineParser] Adding Command: run
[2025-05-11 07:35:28Z INFO Listener] Arguments parsed
[2025-05-11 07:35:28Z INFO Runner] ExecuteCommand
[2025-05-11 07:35:28Z INFO ConfigurationStore] currentAssemblyLocation: C:\Users\gmaki\IdeaProjects\java\bin\Runner.Listener.dll
[2025-05-11 07:35:28Z INFO HostContext] Well known directory 'Bin': 'C:\Users\gmaki\IdeaProjects\java\bin'
[2025-05-11 07:35:28Z INFO ConfigurationStore] binPath: C:\Users\gmaki\IdeaProjects\java\bin
[2025-05-11 07:35:28Z INFO HostContext] Well known directory 'Bin': 'C:\Users\gmaki\IdeaProjects\java\bin'
[2025-05-11 07:35:28Z INFO HostContext] Well known directory 'Root': 'C:\Users\gmaki\IdeaProjects\java'
[2025-05-11 07:35:28Z INFO ConfigurationStore] RootFolder: C:\Users\gmaki\IdeaProjects\java
[2025-05-11 07:35:28Z INFO HostContext] Well known directory 'Bin': 'C:\Users\gmaki\IdeaProjects\java\bin'
[2025-05-11 07:35:28Z INFO HostContext] Well known directory 'Root': 'C:\Users\gmaki\IdeaProjects\java'
[2025-05-11 07:35:28Z INFO HostContext] Well known config file 'Runner': 'C:\Users\gmaki\IdeaProjects\java\.runner'
[2025-05-11 07:35:28Z INFO ConfigurationStore] ConfigFilePath: C:\Users\gmaki\IdeaProjects\java\.runner
[2025-05-11 07:35:28Z INFO HostContext] Well known directory 'Bin': 'C:\Users\gmaki\IdeaProjects\java\bin'
[2025-05-11 07:35:28Z INFO HostContext] Well known directory 'Root': 'C:\Users\gmaki\IdeaProjects\java'
[2025-05-11 07:35:28Z INFO HostContext] Well known config file 'MigratedRunner': 'C:\Users\gmaki\IdeaProjects\java\.runner_migrated'
[2025-05-11 07:35:28Z INFO ConfigurationStore] MigratedConfigFilePath: C:\Users\gmaki\IdeaProjects\java\.runner_migrated
[2025-05-11 07:35:28Z INFO HostContext] Well known directory 'Bin': 'C:\Users\gmaki\IdeaProjects\java\bin'
[2025-05-11 07:35:28Z INFO HostContext] Well known directory 'Root': 'C:\Users\gmaki\IdeaProjects\java'
[2025-05-11 07:35:28Z INFO HostContext] Well known config file 'Credentials': 'C:\Users\gmaki\IdeaProjects\java\.credentials'
[2025-05-11 07:35:28Z INFO ConfigurationStore] CredFilePath: C:\Users\gmaki\IdeaProjects\java\.credentials
[2025-05-11 07:35:28Z INFO HostContext] Well known directory 'Bin': 'C:\Users\gmaki\IdeaProjects\java\bin'
[2025-05-11 07:35:28Z INFO HostContext] Well known directory 'Root': 'C:\Users\gmaki\IdeaProjects\java'
[2025-05-11 07:35:28Z INFO HostContext] Well known config file 'MigratedCredentials': 'C:\Users\gmaki\IdeaProjects\java\.credentials_migrated'
[2025-05-11 07:35:28Z INFO ConfigurationStore] MigratedCredFilePath: C:\Users\gmaki\IdeaProjects\java\.credentials_migrated
[2025-05-11 07:35:28Z INFO HostContext] Well known directory 'Bin': 'C:\Users\gmaki\IdeaProjects\java\bin'
[2025-05-11 07:35:28Z INFO HostContext] Well known directory 'Root': 'C:\Users\gmaki\IdeaProjects\java'
[2025-05-11 07:35:28Z INFO HostContext] Well known config file 'Service': 'C:\Users\gmaki\IdeaProjects\java\.service'
[2025-05-11 07:35:28Z INFO ConfigurationStore] ServiceConfigFilePath: C:\Users\gmaki\IdeaProjects\java\.service
[2025-05-11 07:35:28Z INFO CommandSettings] Flag 'help': 'False'
[2025-05-11 07:35:28Z INFO CommandSettings] Flag 'version': 'False'
[2025-05-11 07:35:28Z INFO CommandSettings] Flag 'commit': 'False'
[2025-05-11 07:35:28Z INFO CommandSettings] Flag 'check': 'False'
[2025-05-11 07:35:28Z INFO CommandSettings] Command 'configure': 'False'
[2025-05-11 07:35:28Z INFO CommandSettings] Command 'remove': 'False'
[2025-05-11 07:35:28Z INFO CommandSettings] Command 'warmup': 'False'
[2025-05-11 07:35:28Z INFO ConfigurationManager] LoadSettings
[2025-05-11 07:35:28Z INFO ConfigurationStore] IsConfigured()
[2025-05-11 07:35:28Z INFO ConfigurationStore] IsConfigured: False
[2025-05-11 07:35:28Z INFO ConfigurationManager] Is configured: False
[2025-05-11 07:35:28Z ERR  Terminal] WRITE ERROR: An error occurred: Not configured. Run config.(sh/cmd) to configure the runner.
[2025-05-11 07:35:28Z ERR  Listener] GitHub.Runner.Common.NonRetryableException: Not configured. Run config.(sh/cmd) to configure the runner.
   at GitHub.Runner.Listener.Configuration.ConfigurationManager.LoadSettings()
   at GitHub.Runner.Listener.Runner.ExecuteCommand(CommandSettings command)
   at GitHub.Runner.Listener.Program.MainAsync(IHostContext context, String[] args)
