[2025-05-11 07:46:19Z INFO HostContext] No proxy settings were found based on environmental variables (http_proxy/https_proxy/HTTP_PROXY/HTTPS_PROXY)
[2025-05-11 07:46:19Z INFO HostContext] Well known directory 'Bin': 'C:\Users\gmaki\IdeaProjects\java\bin'
[2025-05-11 07:46:19Z INFO HostContext] Well known directory 'Root': 'C:\Users\gmaki\IdeaProjects\java'
[2025-05-11 07:46:19Z INFO HostContext] Well known config file 'Credentials': 'C:\Users\gmaki\IdeaProjects\java\.credentials'
[2025-05-11 07:46:19Z INFO HostContext] Well known directory 'Bin': 'C:\Users\gmaki\IdeaProjects\java\bin'
[2025-05-11 07:46:19Z INFO HostContext] Well known directory 'Root': 'C:\Users\gmaki\IdeaProjects\java'
[2025-05-11 07:46:19Z INFO HostContext] Well known config file 'Runner': 'C:\Users\gmaki\IdeaProjects\java\.runner'
[2025-05-11 07:46:19Z INFO Listener] Runner is built for Windows (X64) - win-x64.
[2025-05-11 07:46:19Z INFO Listener] RuntimeInformation: Microsoft Windows 10.0.26100.
[2025-05-11 07:46:19Z INFO Listener] Version: 2.323.0
[2025-05-11 07:46:19Z INFO Listener] Commit: d8b82f44a9ec0258904d5869ae683c31d5aac299
[2025-05-11 07:46:19Z INFO Listener] Culture: ja-JP
[2025-05-11 07:46:19Z INFO Listener] UI Culture: ja-JP
[2025-05-11 07:46:19Z INFO HostContext] Well known directory 'Bin': 'C:\Users\gmaki\IdeaProjects\java\bin'
[2025-05-11 07:46:19Z INFO HostContext] Well known directory 'Root': 'C:\Users\gmaki\IdeaProjects\java'
[2025-05-11 07:46:19Z INFO Listener] Validating directory permissions for: 'C:\Users\gmaki\IdeaProjects\java'
[2025-05-11 07:46:19Z INFO CommandLineParser] Parse
[2025-05-11 07:46:19Z INFO CommandLineParser] Parsing 5 args
[2025-05-11 07:46:19Z INFO CommandLineParser] parsing argument
[2025-05-11 07:46:19Z INFO CommandLineParser] HasArgs: False
[2025-05-11 07:46:19Z INFO CommandLineParser] Adding Command: configure
[2025-05-11 07:46:19Z INFO CommandLineParser] parsing argument
[2025-05-11 07:46:19Z INFO CommandLineParser] HasArgs: True
[2025-05-11 07:46:19Z INFO CommandLineParser] arg: url
[2025-05-11 07:46:19Z INFO CommandLineParser] parsing argument
[2025-05-11 07:46:19Z INFO CommandLineParser] HasArgs: True
[2025-05-11 07:46:19Z INFO CommandLineParser] Adding option 'url': 'https://github.com/kakusan0/java'
[2025-05-11 07:46:19Z INFO CommandLineParser] parsing argument
[2025-05-11 07:46:19Z INFO CommandLineParser] HasArgs: True
[2025-05-11 07:46:19Z INFO CommandLineParser] arg: token
[2025-05-11 07:46:19Z INFO CommandLineParser] parsing argument
[2025-05-11 07:46:19Z INFO CommandLineParser] HasArgs: True
[2025-05-11 07:46:19Z INFO CommandLineParser] Adding option 'token': '***'
[2025-05-11 07:46:19Z INFO Listener] Arguments parsed
[2025-05-11 07:46:19Z INFO Runner] ExecuteCommand
[2025-05-11 07:46:19Z INFO ConfigurationStore] currentAssemblyLocation: C:\Users\gmaki\IdeaProjects\java\bin\Runner.Listener.dll
[2025-05-11 07:46:19Z INFO HostContext] Well known directory 'Bin': 'C:\Users\gmaki\IdeaProjects\java\bin'
[2025-05-11 07:46:19Z INFO ConfigurationStore] binPath: C:\Users\gmaki\IdeaProjects\java\bin
[2025-05-11 07:46:19Z INFO HostContext] Well known directory 'Bin': 'C:\Users\gmaki\IdeaProjects\java\bin'
[2025-05-11 07:46:19Z INFO HostContext] Well known directory 'Root': 'C:\Users\gmaki\IdeaProjects\java'
[2025-05-11 07:46:19Z INFO ConfigurationStore] RootFolder: C:\Users\gmaki\IdeaProjects\java
[2025-05-11 07:46:19Z INFO HostContext] Well known directory 'Bin': 'C:\Users\gmaki\IdeaProjects\java\bin'
[2025-05-11 07:46:19Z INFO HostContext] Well known directory 'Root': 'C:\Users\gmaki\IdeaProjects\java'
[2025-05-11 07:46:19Z INFO HostContext] Well known config file 'Runner': 'C:\Users\gmaki\IdeaProjects\java\.runner'
[2025-05-11 07:46:19Z INFO ConfigurationStore] ConfigFilePath: C:\Users\gmaki\IdeaProjects\java\.runner
[2025-05-11 07:46:19Z INFO HostContext] Well known directory 'Bin': 'C:\Users\gmaki\IdeaProjects\java\bin'
[2025-05-11 07:46:19Z INFO HostContext] Well known directory 'Root': 'C:\Users\gmaki\IdeaProjects\java'
[2025-05-11 07:46:19Z INFO HostContext] Well known config file 'MigratedRunner': 'C:\Users\gmaki\IdeaProjects\java\.runner_migrated'
[2025-05-11 07:46:19Z INFO ConfigurationStore] MigratedConfigFilePath: C:\Users\gmaki\IdeaProjects\java\.runner_migrated
[2025-05-11 07:46:19Z INFO HostContext] Well known directory 'Bin': 'C:\Users\gmaki\IdeaProjects\java\bin'
[2025-05-11 07:46:19Z INFO HostContext] Well known directory 'Root': 'C:\Users\gmaki\IdeaProjects\java'
[2025-05-11 07:46:19Z INFO HostContext] Well known config file 'Credentials': 'C:\Users\gmaki\IdeaProjects\java\.credentials'
[2025-05-11 07:46:19Z INFO ConfigurationStore] CredFilePath: C:\Users\gmaki\IdeaProjects\java\.credentials
[2025-05-11 07:46:19Z INFO HostContext] Well known directory 'Bin': 'C:\Users\gmaki\IdeaProjects\java\bin'
[2025-05-11 07:46:19Z INFO HostContext] Well known directory 'Root': 'C:\Users\gmaki\IdeaProjects\java'
[2025-05-11 07:46:19Z INFO HostContext] Well known config file 'MigratedCredentials': 'C:\Users\gmaki\IdeaProjects\java\.credentials_migrated'
[2025-05-11 07:46:19Z INFO ConfigurationStore] MigratedCredFilePath: C:\Users\gmaki\IdeaProjects\java\.credentials_migrated
[2025-05-11 07:46:19Z INFO HostContext] Well known directory 'Bin': 'C:\Users\gmaki\IdeaProjects\java\bin'
[2025-05-11 07:46:19Z INFO HostContext] Well known directory 'Root': 'C:\Users\gmaki\IdeaProjects\java'
[2025-05-11 07:46:19Z INFO HostContext] Well known config file 'Service': 'C:\Users\gmaki\IdeaProjects\java\.service'
[2025-05-11 07:46:19Z INFO ConfigurationStore] ServiceConfigFilePath: C:\Users\gmaki\IdeaProjects\java\.service
[2025-05-11 07:46:19Z INFO CommandSettings] Flag 'help': 'False'
[2025-05-11 07:46:19Z INFO CommandSettings] Flag 'version': 'False'
[2025-05-11 07:46:19Z INFO CommandSettings] Flag 'commit': 'False'
[2025-05-11 07:46:19Z INFO CommandSettings] Flag 'check': 'False'
[2025-05-11 07:46:19Z INFO CommandSettings] Command 'configure': 'True'
[2025-05-11 07:46:19Z INFO Terminal] WRITE LINE: 
[2025-05-11 07:46:19Z INFO Terminal] WRITE LINE: --------------------------------------------------------------------------------
[2025-05-11 07:46:19Z INFO Terminal] WRITE LINE: |        ____ _ _   _   _       _          _        _   _                      |
[2025-05-11 07:46:19Z INFO Terminal] WRITE LINE: |       / ___(_) |_| | | |_   _| |__      / \   ___| |_(_) ___  _ __  ___      |
[2025-05-11 07:46:19Z INFO Terminal] WRITE LINE: |      | |  _| | __| |_| | | | | '_ \    / _ \ / __| __| |/ _ \| '_ \/ __|     |
[2025-05-11 07:46:19Z INFO Terminal] WRITE LINE: |      | |_| | | |_|  _  | |_| | |_) |  / ___ \ (__| |_| | (_) | | | \__ \     |
[2025-05-11 07:46:19Z INFO Terminal] WRITE LINE: |       \____|_|\__|_| |_|\__,_|_.__/  /_/   \_\___|\__|_|\___/|_| |_|___/     |
[2025-05-11 07:46:19Z INFO Terminal] WRITE LINE: |                                                                              |
[2025-05-11 07:46:19Z INFO Terminal] WRITE: |                       
[2025-05-11 07:46:19Z INFO Terminal] WRITE: Self-hosted runner registration
[2025-05-11 07:46:19Z INFO Terminal] WRITE LINE:                         |
[2025-05-11 07:46:19Z INFO Terminal] WRITE LINE: |                                                                              |
[2025-05-11 07:46:19Z INFO Terminal] WRITE LINE: --------------------------------------------------------------------------------
[2025-05-11 07:46:19Z INFO ConfigurationManager] ConfigureAsync
[2025-05-11 07:46:19Z INFO CommandSettings] Flag 'generateServiceConfig': 'False'
[2025-05-11 07:46:19Z INFO ConfigurationStore] IsConfigured()
[2025-05-11 07:46:19Z INFO ConfigurationStore] IsConfigured: True
[2025-05-11 07:46:19Z INFO ConfigurationManager] Is configured: True
[2025-05-11 07:46:19Z ERR  Runner] System.InvalidOperationException: Cannot configure the runner because it is already configured. To reconfigure the runner, run 'config.cmd remove' or './config.sh remove' first.
   at GitHub.Runner.Listener.Configuration.ConfigurationManager.ConfigureAsync(CommandSettings command)
   at GitHub.Runner.Listener.Runner.ExecuteCommand(CommandSettings command)
[2025-05-11 07:46:19Z ERR  Terminal] WRITE ERROR: Cannot configure the runner because it is already configured. To reconfigure the runner, run 'config.cmd remove' or './config.sh remove' first.
[2025-05-11 07:46:19Z INFO Listener] Runner execution has finished with return code 1
[2025-05-11 07:46:19Z INFO HostContext] No proxy settings were found based on environmental variables (http_proxy/https_proxy/HTTP_PROXY/HTTPS_PROXY)
[2025-05-11 07:46:19Z INFO HostContext] Well known directory 'Bin': 'C:\Users\gmaki\IdeaProjects\java\bin'
[2025-05-11 07:46:19Z INFO HostContext] Well known directory 'Root': 'C:\Users\gmaki\IdeaProjects\java'
[2025-05-11 07:46:19Z INFO HostContext] Well known config file 'Credentials': 'C:\Users\gmaki\IdeaProjects\java\.credentials'
[2025-05-11 07:46:20Z INFO HostContext] Well known directory 'Bin': 'C:\Users\gmaki\IdeaProjects\java\bin'
[2025-05-11 07:46:20Z INFO HostContext] Well known directory 'Root': 'C:\Users\gmaki\IdeaProjects\java'
[2025-05-11 07:46:20Z INFO HostContext] Well known config file 'Runner': 'C:\Users\gmaki\IdeaProjects\java\.runner'
[2025-05-11 07:46:20Z INFO Listener] Runner is built for Windows (X64) - win-x64.
[2025-05-11 07:46:20Z INFO Listener] RuntimeInformation: Microsoft Windows 10.0.26100.
[2025-05-11 07:46:20Z INFO Listener] Version: 2.323.0
[2025-05-11 07:46:20Z INFO Listener] Commit: d8b82f44a9ec0258904d5869ae683c31d5aac299
[2025-05-11 07:46:20Z INFO Listener] Culture: ja-JP
[2025-05-11 07:46:20Z INFO Listener] UI Culture: ja-JP
[2025-05-11 07:46:20Z INFO HostContext] Well known directory 'Bin': 'C:\Users\gmaki\IdeaProjects\java\bin'
[2025-05-11 07:46:20Z INFO HostContext] Well known directory 'Root': 'C:\Users\gmaki\IdeaProjects\java'
[2025-05-11 07:46:20Z INFO Listener] Validating directory permissions for: 'C:\Users\gmaki\IdeaProjects\java'
[2025-05-11 07:46:20Z INFO CommandLineParser] Parse
[2025-05-11 07:46:20Z INFO CommandLineParser] Parsing 1 args
[2025-05-11 07:46:20Z INFO CommandLineParser] parsing argument
[2025-05-11 07:46:20Z INFO CommandLineParser] HasArgs: False
[2025-05-11 07:46:20Z INFO CommandLineParser] Adding Command: run
[2025-05-11 07:46:20Z INFO Listener] Arguments parsed
[2025-05-11 07:46:20Z INFO Runner] ExecuteCommand
[2025-05-11 07:46:20Z INFO ConfigurationStore] currentAssemblyLocation: C:\Users\gmaki\IdeaProjects\java\bin\Runner.Listener.dll
[2025-05-11 07:46:20Z INFO HostContext] Well known directory 'Bin': 'C:\Users\gmaki\IdeaProjects\java\bin'
[2025-05-11 07:46:20Z INFO ConfigurationStore] binPath: C:\Users\gmaki\IdeaProjects\java\bin
[2025-05-11 07:46:20Z INFO HostContext] Well known directory 'Bin': 'C:\Users\gmaki\IdeaProjects\java\bin'
[2025-05-11 07:46:20Z INFO HostContext] Well known directory 'Root': 'C:\Users\gmaki\IdeaProjects\java'
[2025-05-11 07:46:20Z INFO ConfigurationStore] RootFolder: C:\Users\gmaki\IdeaProjects\java
[2025-05-11 07:46:20Z INFO HostContext] Well known directory 'Bin': 'C:\Users\gmaki\IdeaProjects\java\bin'
[2025-05-11 07:46:20Z INFO HostContext] Well known directory 'Root': 'C:\Users\gmaki\IdeaProjects\java'
[2025-05-11 07:46:20Z INFO HostContext] Well known config file 'Runner': 'C:\Users\gmaki\IdeaProjects\java\.runner'
[2025-05-11 07:46:20Z INFO ConfigurationStore] ConfigFilePath: C:\Users\gmaki\IdeaProjects\java\.runner
[2025-05-11 07:46:20Z INFO HostContext] Well known directory 'Bin': 'C:\Users\gmaki\IdeaProjects\java\bin'
[2025-05-11 07:46:20Z INFO HostContext] Well known directory 'Root': 'C:\Users\gmaki\IdeaProjects\java'
[2025-05-11 07:46:20Z INFO HostContext] Well known config file 'MigratedRunner': 'C:\Users\gmaki\IdeaProjects\java\.runner_migrated'
[2025-05-11 07:46:20Z INFO ConfigurationStore] MigratedConfigFilePath: C:\Users\gmaki\IdeaProjects\java\.runner_migrated
[2025-05-11 07:46:20Z INFO HostContext] Well known directory 'Bin': 'C:\Users\gmaki\IdeaProjects\java\bin'
[2025-05-11 07:46:20Z INFO HostContext] Well known directory 'Root': 'C:\Users\gmaki\IdeaProjects\java'
[2025-05-11 07:46:20Z INFO HostContext] Well known config file 'Credentials': 'C:\Users\gmaki\IdeaProjects\java\.credentials'
[2025-05-11 07:46:20Z INFO ConfigurationStore] CredFilePath: C:\Users\gmaki\IdeaProjects\java\.credentials
[2025-05-11 07:46:20Z INFO HostContext] Well known directory 'Bin': 'C:\Users\gmaki\IdeaProjects\java\bin'
[2025-05-11 07:46:20Z INFO HostContext] Well known directory 'Root': 'C:\Users\gmaki\IdeaProjects\java'
[2025-05-11 07:46:20Z INFO HostContext] Well known config file 'MigratedCredentials': 'C:\Users\gmaki\IdeaProjects\java\.credentials_migrated'
[2025-05-11 07:46:20Z INFO ConfigurationStore] MigratedCredFilePath: C:\Users\gmaki\IdeaProjects\java\.credentials_migrated
[2025-05-11 07:46:20Z INFO HostContext] Well known directory 'Bin': 'C:\Users\gmaki\IdeaProjects\java\bin'
[2025-05-11 07:46:20Z INFO HostContext] Well known directory 'Root': 'C:\Users\gmaki\IdeaProjects\java'
[2025-05-11 07:46:20Z INFO HostContext] Well known config file 'Service': 'C:\Users\gmaki\IdeaProjects\java\.service'
[2025-05-11 07:46:20Z INFO ConfigurationStore] ServiceConfigFilePath: C:\Users\gmaki\IdeaProjects\java\.service
[2025-05-11 07:46:20Z INFO CommandSettings] Flag 'help': 'False'
[2025-05-11 07:46:20Z INFO CommandSettings] Flag 'version': 'False'
[2025-05-11 07:46:20Z INFO CommandSettings] Flag 'commit': 'False'
[2025-05-11 07:46:20Z INFO CommandSettings] Flag 'check': 'False'
[2025-05-11 07:46:20Z INFO CommandSettings] Command 'configure': 'False'
[2025-05-11 07:46:20Z INFO CommandSettings] Command 'remove': 'False'
[2025-05-11 07:46:20Z INFO CommandSettings] Command 'warmup': 'False'
[2025-05-11 07:46:20Z INFO ConfigurationManager] LoadSettings
[2025-05-11 07:46:20Z INFO ConfigurationStore] IsConfigured()
[2025-05-11 07:46:20Z INFO ConfigurationStore] IsConfigured: True
[2025-05-11 07:46:20Z INFO ConfigurationManager] Is configured: True
[2025-05-11 07:46:20Z INFO ConfigurationStore] Read setting file: 304 chars
[2025-05-11 07:46:20Z INFO ConfigurationManager] Settings Loaded
[2025-05-11 07:46:20Z INFO ConfigurationStore] IsServiceConfigured()
[2025-05-11 07:46:20Z INFO ConfigurationStore] IsServiceConfigured: False
[2025-05-11 07:46:20Z INFO CommandSettings] Command 'run': 'True'
[2025-05-11 07:46:20Z INFO ConfigurationStore] IsConfigured()
[2025-05-11 07:46:20Z INFO ConfigurationStore] IsConfigured: True
[2025-05-11 07:46:20Z INFO ConfigurationManager] Is configured: True
[2025-05-11 07:46:20Z INFO Runner] Could not parse the argument value '' for StartupType. Defaulting to Manual
[2025-05-11 07:46:20Z INFO Runner] Set runner startup type - Manual
[2025-05-11 07:46:20Z INFO CommandSettings] Flag 'once': 'False'
[2025-05-11 07:46:20Z INFO CommandSettings] Flag 'once': 'False'
[2025-05-11 07:46:20Z INFO Runner] RunAsync
[2025-05-11 07:46:20Z INFO ConfigurationManager] LoadSettings
[2025-05-11 07:46:20Z INFO ConfigurationStore] IsConfigured()
[2025-05-11 07:46:20Z INFO ConfigurationStore] IsConfigured: True
[2025-05-11 07:46:20Z INFO ConfigurationManager] Is configured: True
[2025-05-11 07:46:20Z INFO ConfigurationManager] Settings Loaded
[2025-05-11 07:46:20Z INFO MessageListener] {
  "AgentId": 34,
  "AgentName": "DESKTOP-I6AFO2L",
  "PoolId": 1,
  "PoolName": "Default",
  "ServerUrl": "https://pipelinesghubeus24.actions.githubusercontent.com/0dTnMb8nXzZC3igQYTkFgIwIpp0h2U1JRbPVrSUiryePCsTUKq/",
  "GitHubUrl": "https://github.com/kakusan0/java",
  "WorkFolder": "_work"
}
[2025-05-11 07:46:20Z INFO MessageListener] Loading Credentials
[2025-05-11 07:46:20Z INFO ConfigurationStore] HasCredentials()
[2025-05-11 07:46:20Z INFO ConfigurationStore] stored True
[2025-05-11 07:46:20Z INFO CredentialManager] GetCredentialProvider
[2025-05-11 07:46:20Z INFO CredentialManager] Creating type OAuth
[2025-05-11 07:46:20Z INFO CredentialManager] Creating credential type: OAuth
[2025-05-11 07:46:20Z INFO HostContext] Well known directory 'Bin': 'C:\Users\gmaki\IdeaProjects\java\bin'
[2025-05-11 07:46:20Z INFO HostContext] Well known directory 'Root': 'C:\Users\gmaki\IdeaProjects\java'
[2025-05-11 07:46:20Z INFO HostContext] Well known config file 'RSACredentials': 'C:\Users\gmaki\IdeaProjects\java\.credentials_rsaparams'
[2025-05-11 07:46:20Z INFO RSAEncryptedFileKeyManager] Loading RSA key parameters from file C:\Users\gmaki\IdeaProjects\java\.credentials_rsaparams
[2025-05-11 07:46:20Z INFO MessageListener] Attempt to create session.
[2025-05-11 07:46:20Z INFO MessageListener] Connecting to the Runner Server...
[2025-05-11 07:46:20Z INFO RunnerServer] EstablishVssConnection
[2025-05-11 07:46:20Z INFO RunnerServer] Establish connection with 100 seconds timeout.
[2025-05-11 07:46:20Z INFO GitHubActionsService] Starting operation Location.GetConnectionData
[2025-05-11 07:46:20Z INFO RunnerServer] EstablishVssConnection
[2025-05-11 07:46:20Z INFO RunnerServer] Establish connection with 60 seconds timeout.
[2025-05-11 07:46:20Z INFO GitHubActionsService] Starting operation Location.GetConnectionData
[2025-05-11 07:46:20Z INFO RunnerServer] EstablishVssConnection
[2025-05-11 07:46:20Z INFO RunnerServer] Establish connection with 60 seconds timeout.
[2025-05-11 07:46:20Z INFO GitHubActionsService] Starting operation Location.GetConnectionData
[2025-05-11 07:46:20Z INFO GitHubActionsService] Finished operation Location.GetConnectionData
[2025-05-11 07:46:20Z INFO GitHubActionsService] Finished operation Location.GetConnectionData
[2025-05-11 07:46:20Z INFO GitHubActionsService] Finished operation Location.GetConnectionData
[2025-05-11 07:46:21Z INFO MessageListener] VssConnection created
[2025-05-11 07:46:21Z INFO Terminal] WRITE LINE: 
[2025-05-11 07:46:21Z INFO Terminal] WRITE LINE: 
[2025-05-11 07:46:21Z INFO RSAEncryptedFileKeyManager] Loading RSA key parameters from file C:\Users\gmaki\IdeaProjects\java\.credentials_rsaparams
[2025-05-11 07:46:21Z INFO RSAEncryptedFileKeyManager] Loading RSA key parameters from file C:\Users\gmaki\IdeaProjects\java\.credentials_rsaparams
[2025-05-11 07:46:21Z INFO GitHubActionsService] AAD Correlation ID for this token request: Unknown
[2025-05-11 07:46:22Z INFO MessageListener] Session created.
[2025-05-11 07:46:22Z INFO Terminal] WRITE LINE: Current runner version: '2.323.0'
[2025-05-11 07:46:22Z INFO Terminal] WRITE LINE: 2025-05-11 07:46:22Z: Listening for Jobs
[2025-05-11 07:46:22Z INFO JobDispatcher] Set runner/worker IPC timeout to 30 seconds.
[2025-05-11 07:46:22Z INFO RSAEncryptedFileKeyManager] Loading RSA key parameters from file C:\Users\gmaki\IdeaProjects\java\.credentials_rsaparams
[2025-05-11 07:46:23Z INFO GitHubActionsService] AAD Correlation ID for this token request: Unknown
[2025-05-11 08:16:49Z INFO MessageListener] No message retrieved from session '2c8987ac-c054-4f2f-b78b-9478160aa014' within last 30 minutes.
[2025-05-11 08:36:59Z INFO RSAEncryptedFileKeyManager] Loading RSA key parameters from file C:\Users\gmaki\IdeaProjects\java\.credentials_rsaparams
[2025-05-11 08:36:59Z INFO GitHubActionsService] AAD Correlation ID for this token request: Unknown
[2025-05-11 08:42:01Z INFO RSAEncryptedFileKeyManager] Loading RSA key parameters from file C:\Users\gmaki\IdeaProjects\java\.credentials_rsaparams
[2025-05-11 08:42:02Z INFO GitHubActionsService] AAD Correlation ID for this token request: Unknown
[2025-05-11 08:47:05Z INFO MessageListener] No message retrieved from session '2c8987ac-c054-4f2f-b78b-9478160aa014' within last 30 minutes.
[2025-05-11 09:17:19Z INFO MessageListener] No message retrieved from session '2c8987ac-c054-4f2f-b78b-9478160aa014' within last 30 minutes.
[2025-05-11 09:27:23Z INFO RSAEncryptedFileKeyManager] Loading RSA key parameters from file C:\Users\gmaki\IdeaProjects\java\.credentials_rsaparams
[2025-05-11 09:27:24Z INFO GitHubActionsService] AAD Correlation ID for this token request: Unknown
[2025-05-11 09:37:29Z INFO RSAEncryptedFileKeyManager] Loading RSA key parameters from file C:\Users\gmaki\IdeaProjects\java\.credentials_rsaparams
[2025-05-11 09:37:29Z INFO GitHubActionsService] AAD Correlation ID for this token request: Unknown
[2025-05-11 09:47:34Z INFO MessageListener] No message retrieved from session '2c8987ac-c054-4f2f-b78b-9478160aa014' within last 30 minutes.
[2025-05-11 10:17:47Z INFO MessageListener] No message retrieved from session '2c8987ac-c054-4f2f-b78b-9478160aa014' within last 30 minutes.
[2025-05-11 10:17:48Z INFO RSAEncryptedFileKeyManager] Loading RSA key parameters from file C:\Users\gmaki\IdeaProjects\java\.credentials_rsaparams
[2025-05-11 10:17:48Z INFO GitHubActionsService] AAD Correlation ID for this token request: Unknown
[2025-05-11 10:32:55Z INFO RSAEncryptedFileKeyManager] Loading RSA key parameters from file C:\Users\gmaki\IdeaProjects\java\.credentials_rsaparams
[2025-05-11 10:32:56Z INFO GitHubActionsService] AAD Correlation ID for this token request: Unknown
[2025-05-11 10:47:49Z INFO HostContext] Runner will be shutdown for UserCancelled
[2025-05-11 10:47:49Z WARN GitHubActionsService] GET request to https://broker.actions.githubusercontent.com/message?sessionId=2c8987ac-c054-4f2f-b78b-9478160aa014&status=Online&runnerVersion=2.323.0&os=Windows&architecture=X64&disableUpdate=false has been cancelled.
[2025-05-11 10:47:49Z ERR  BrokerServer] Catch exception during request
[2025-05-11 10:47:49Z ERR  BrokerServer] System.Threading.Tasks.TaskCanceledException: The operation was canceled.
 ---> System.Threading.Tasks.TaskCanceledException: The operation was canceled.
 ---> System.IO.IOException: Unable to read data from the transport connection: スレッドの終了またはアプリケーションの要求によって、I/O 処理は中止されました。.
 ---> System.Net.Sockets.SocketException (995): スレッドの終了またはアプリケーションの要求によって、I/O 処理は中止されました。
   --- End of inner exception stack trace ---
   at System.Net.Sockets.Socket.AwaitableSocketAsyncEventArgs.ThrowException(SocketError error, CancellationToken cancellationToken)
   at System.Net.Sockets.Socket.AwaitableSocketAsyncEventArgs.System.Threading.Tasks.Sources.IValueTaskSource<System.Int32>.GetResult(Int16 token)
   at System.Net.Security.SslStream.EnsureFullTlsFrameAsync[TIOAdapter](CancellationToken cancellationToken, Int32 estimatedSize)
   at System.Runtime.CompilerServices.PoolingAsyncValueTaskMethodBuilder`1.StateMachineBox`1.System.Threading.Tasks.Sources.IValueTaskSource<TResult>.GetResult(Int16 token)
   at System.Net.Security.SslStream.ReadAsyncInternal[TIOAdapter](Memory`1 buffer, CancellationToken cancellationToken)
   at System.Runtime.CompilerServices.PoolingAsyncValueTaskMethodBuilder`1.StateMachineBox`1.System.Threading.Tasks.Sources.IValueTaskSource<TResult>.GetResult(Int16 token)
   at System.Net.Http.HttpConnection.SendAsync(HttpRequestMessage request, Boolean async, CancellationToken cancellationToken)
   --- End of inner exception stack trace ---
   at System.Net.Http.HttpConnection.SendAsync(HttpRequestMessage request, Boolean async, CancellationToken cancellationToken)
   at System.Net.Http.AuthenticationHelper.SendWithNtAuthAsync(HttpRequestMessage request, Uri authUri, Boolean async, ICredentials credentials, Boolean isProxyAuth, HttpConnection connection, HttpConnectionPool connectionPool, CancellationToken cancellationToken)
   at System.Net.Http.HttpConnectionPool.SendWithVersionDetectionAndRetryAsync(HttpRequestMessage request, Boolean async, Boolean doRequestAuth, CancellationToken cancellationToken)
   at System.Net.Http.AuthenticationHelper.SendWithAuthAsync(HttpRequestMessage request, Uri authUri, Boolean async, ICredentials credentials, Boolean preAuthenticate, Boolean isProxyAuth, Boolean doRequestAuth, HttpConnectionPool pool, CancellationToken cancellationToken)
   at System.Net.Http.RedirectHandler.SendAsync(HttpRequestMessage request, Boolean async, CancellationToken cancellationToken)
   at GitHub.Services.Common.RawHttpMessageHandler.SendAsync(HttpRequestMessage request, CancellationToken cancellationToken)
   at GitHub.Services.Common.VssHttpRetryMessageHandler.SendAsync(HttpRequestMessage request, CancellationToken cancellationToken)
   at System.Net.Http.HttpClient.<SendAsync>g__Core|83_0(HttpRequestMessage request, HttpCompletionOption completionOption, CancellationTokenSource cts, Boolean disposeCts, CancellationTokenSource pendingRequestsCts, CancellationToken originalCancellationToken)
   --- End of inner exception stack trace ---
   at System.Net.Http.HttpClient.HandleFailure(Exception e, Boolean telemetryStarted, HttpResponseMessage response, CancellationTokenSource cts, CancellationToken cancellationToken, CancellationTokenSource pendingRequestsCts)
   at System.Net.Http.HttpClient.<SendAsync>g__Core|83_0(HttpRequestMessage request, HttpCompletionOption completionOption, CancellationTokenSource cts, Boolean disposeCts, CancellationTokenSource pendingRequestsCts, CancellationToken originalCancellationToken)
   at Sdk.WebApi.WebApi.RawHttpClientBase.SendAsync(HttpRequestMessage message, HttpCompletionOption completionOption, Object userState, CancellationToken cancellationToken)
   at Sdk.WebApi.WebApi.RawHttpClientBase.SendAsync[T](HttpRequestMessage message, Boolean readErrorBody, Object userState, CancellationToken cancellationToken)
   at Sdk.WebApi.WebApi.RawHttpClientBase.SendAsync[T](HttpMethod method, IEnumerable`1 additionalHeaders, Uri requestUri, HttpContent content, IEnumerable`1 queryParameters, Boolean readErrorBody, Object userState, CancellationToken cancellationToken)
   at GitHub.Actions.RunService.WebApi.BrokerHttpClient.GetRunnerMessageAsync(Nullable`1 sessionId, String runnerVersion, Nullable`1 status, String os, String architecture, Nullable`1 disableUpdate, CancellationToken cancellationToken)
   at GitHub.Runner.Common.BrokerServer.<>c__DisplayClass7_0.<<GetRunnerMessageAsync>b__0>d.MoveNext()
--- End of stack trace from previous location ---
   at GitHub.Runner.Common.RunnerService.RetryRequest[T](Func`1 func, CancellationToken cancellationToken, Int32 maxRetryAttemptsCount, Func`2 shouldRetry)
[2025-05-11 10:47:49Z ERR  BrokerServer] #####################################################
[2025-05-11 10:47:49Z ERR  BrokerServer] System.Threading.Tasks.TaskCanceledException: The operation was canceled.
 ---> System.IO.IOException: Unable to read data from the transport connection: スレッドの終了またはアプリケーションの要求によって、I/O 処理は中止されました。.
 ---> System.Net.Sockets.SocketException (995): スレッドの終了またはアプリケーションの要求によって、I/O 処理は中止されました。
   --- End of inner exception stack trace ---
   at System.Net.Sockets.Socket.AwaitableSocketAsyncEventArgs.ThrowException(SocketError error, CancellationToken cancellationToken)
   at System.Net.Sockets.Socket.AwaitableSocketAsyncEventArgs.System.Threading.Tasks.Sources.IValueTaskSource<System.Int32>.GetResult(Int16 token)
   at System.Net.Security.SslStream.EnsureFullTlsFrameAsync[TIOAdapter](CancellationToken cancellationToken, Int32 estimatedSize)
   at System.Runtime.CompilerServices.PoolingAsyncValueTaskMethodBuilder`1.StateMachineBox`1.System.Threading.Tasks.Sources.IValueTaskSource<TResult>.GetResult(Int16 token)
   at System.Net.Security.SslStream.ReadAsyncInternal[TIOAdapter](Memory`1 buffer, CancellationToken cancellationToken)
   at System.Runtime.CompilerServices.PoolingAsyncValueTaskMethodBuilder`1.StateMachineBox`1.System.Threading.Tasks.Sources.IValueTaskSource<TResult>.GetResult(Int16 token)
   at System.Net.Http.HttpConnection.SendAsync(HttpRequestMessage request, Boolean async, CancellationToken cancellationToken)
   --- End of inner exception stack trace ---
   at System.Net.Http.HttpConnection.SendAsync(HttpRequestMessage request, Boolean async, CancellationToken cancellationToken)
   at System.Net.Http.AuthenticationHelper.SendWithNtAuthAsync(HttpRequestMessage request, Uri authUri, Boolean async, ICredentials credentials, Boolean isProxyAuth, HttpConnection connection, HttpConnectionPool connectionPool, CancellationToken cancellationToken)
   at System.Net.Http.HttpConnectionPool.SendWithVersionDetectionAndRetryAsync(HttpRequestMessage request, Boolean async, Boolean doRequestAuth, CancellationToken cancellationToken)
   at System.Net.Http.AuthenticationHelper.SendWithAuthAsync(HttpRequestMessage request, Uri authUri, Boolean async, ICredentials credentials, Boolean preAuthenticate, Boolean isProxyAuth, Boolean doRequestAuth, HttpConnectionPool pool, CancellationToken cancellationToken)
   at System.Net.Http.RedirectHandler.SendAsync(HttpRequestMessage request, Boolean async, CancellationToken cancellationToken)
   at GitHub.Services.Common.RawHttpMessageHandler.SendAsync(HttpRequestMessage request, CancellationToken cancellationToken)
   at GitHub.Services.Common.VssHttpRetryMessageHandler.SendAsync(HttpRequestMessage request, CancellationToken cancellationToken)
   at System.Net.Http.HttpClient.<SendAsync>g__Core|83_0(HttpRequestMessage request, HttpCompletionOption completionOption, CancellationTokenSource cts, Boolean disposeCts, CancellationTokenSource pendingRequestsCts, CancellationToken originalCancellationToken)
[2025-05-11 10:47:49Z ERR  BrokerServer] #####################################################
[2025-05-11 10:47:49Z ERR  BrokerServer] System.IO.IOException: Unable to read data from the transport connection: スレッドの終了またはアプリケーションの要求によって、I/O 処理は中止されました。.
 ---> System.Net.Sockets.SocketException (995): スレッドの終了またはアプリケーションの要求によって、I/O 処理は中止されました。
   --- End of inner exception stack trace ---
   at System.Net.Sockets.Socket.AwaitableSocketAsyncEventArgs.ThrowException(SocketError error, CancellationToken cancellationToken)
   at System.Net.Sockets.Socket.AwaitableSocketAsyncEventArgs.System.Threading.Tasks.Sources.IValueTaskSource<System.Int32>.GetResult(Int16 token)
   at System.Net.Security.SslStream.EnsureFullTlsFrameAsync[TIOAdapter](CancellationToken cancellationToken, Int32 estimatedSize)
   at System.Runtime.CompilerServices.PoolingAsyncValueTaskMethodBuilder`1.StateMachineBox`1.System.Threading.Tasks.Sources.IValueTaskSource<TResult>.GetResult(Int16 token)
   at System.Net.Security.SslStream.ReadAsyncInternal[TIOAdapter](Memory`1 buffer, CancellationToken cancellationToken)
   at System.Runtime.CompilerServices.PoolingAsyncValueTaskMethodBuilder`1.StateMachineBox`1.System.Threading.Tasks.Sources.IValueTaskSource<TResult>.GetResult(Int16 token)
   at System.Net.Http.HttpConnection.SendAsync(HttpRequestMessage request, Boolean async, CancellationToken cancellationToken)
[2025-05-11 10:47:49Z ERR  BrokerServer] #####################################################
[2025-05-11 10:47:49Z ERR  BrokerServer] System.Net.Sockets.SocketException (995): スレッドの終了またはアプリケーションの要求によって、I/O 処理は中止されました。
[2025-05-11 10:47:49Z WARN BrokerServer] Back off 7.376 seconds before next retry. 4 attempt left.
[2025-05-11 10:47:49Z INFO MessageListener] Get next message has been cancelled.
[2025-05-11 10:47:49Z INFO JobDispatcher] Shutting down JobDispatcher. Make sure all WorkerDispatcher has finished.
[2025-05-11 10:47:49Z INFO Runner] Deleting Runner Session...
[2025-05-11 10:47:49Z INFO Listener] Runner execution been cancelled.
