[13/May/2025:06:15:12 +0900] 0:0:0:0:0:0:0:1 GET /login HTTP/1.1 302 (81 milliseconds)
[13/May/2025:06:15:12 +0900] 0:0:0:0:0:0:0:1 GET /login HTTP/1.1 200 (279 milliseconds)
[13/May/2025:06:15:13 +0900] 0:0:0:0:0:0:0:1 GET /webjars/bootstrap/5.3.0/css/bootstrap.min.css HTTP/1.1 200 (37 milliseconds)
[13/May/2025:06:15:13 +0900] 0:0:0:0:0:0:0:1 GET /webjars/bootstrap/5.3.0/js/bootstrap.bundle.min.js HTTP/1.1 200 (33 milliseconds)
[13/May/2025:06:15:14 +0900] 192.168.0.2 PROPFIND / HTTP/1.0 400 (5 milliseconds)
[13/May/2025:06:17:04 +0900] 192.168.0.2 GET / HTTP/1.0 302 (23 milliseconds)
[13/May/2025:06:17:05 +0900] 192.168.0.2 GET /login HTTP/1.0 200 (25 milliseconds)
[13/May/2025:06:18:17 +0900] 192.168.0.2 PROPFIND / HTTP/1.0 400 (0 milliseconds)
[13/May/2025:06:27:58 +0900] 192.168.0.2 PROPFIND / HTTP/1.0 400 (1 milliseconds)
[13/May/2025:06:36:50 +0900] 192.168.0.2 PROPFIND / HTTP/1.0 400 (0 milliseconds)
[13/May/2025:06:45:54 +0900] 192.168.0.2 PROPFIND / HTTP/1.0 400 (0 milliseconds)
[13/May/2025:06:47:44 +0900] 192.168.0.2 GET /developmentserver/metadatauploader HTTP/1.0 302 (12 milliseconds)
[13/May/2025:06:51:13 +0900] 192.168.0.2 PROPFIND / HTTP/1.0 400 (0 milliseconds)
[13/May/2025:07:00:32 +0900] 192.168.0.2 PROPFIND / HTTP/1.0 400 (0 milliseconds)
[13/May/2025:07:12:03 +0900] 192.168.0.2 PROPFIND / HTTP/1.0 400 (0 milliseconds)
[13/May/2025:07:18:59 +0900] 192.168.0.2 PROPFIND / HTTP/1.0 400 (0 milliseconds)
[13/May/2025:07:26:08 +0900] 0:0:0:0:0:0:0:1 GET /login HTTP/1.1 302 (16 milliseconds)
[13/May/2025:07:26:08 +0900] 0:0:0:0:0:0:0:1 GET /login HTTP/1.1 200 (27 milliseconds)
[13/May/2025:07:26:08 +0900] 0:0:0:0:0:0:0:1 GET /webjars/bootstrap/5.3.0/js/bootstrap.bundle.min.js HTTP/1.1 200 (26 milliseconds)
[13/May/2025:07:26:08 +0900] 0:0:0:0:0:0:0:1 GET /webjars/bootstrap/5.3.0/css/bootstrap.min.css HTTP/1.1 200 (30 milliseconds)
[13/May/2025:07:26:16 +0900] 192.168.0.2 PROPFIND / HTTP/1.0 400 (0 milliseconds)
[13/May/2025:07:26:27 +0900] 0:0:0:0:0:0:0:1 POST /login HTTP/1.1 302 (181 milliseconds)
[13/May/2025:07:26:27 +0900] 0:0:0:0:0:0:0:1 GET /register HTTP/1.1 200 (36 milliseconds)
[13/May/2025:07:26:27 +0900] 0:0:0:0:0:0:0:1 GET /webjars/bootstrap/5.3.0/css/bootstrap.min.css HTTP/1.1 200 (27 milliseconds)
[13/May/2025:07:26:27 +0900] 0:0:0:0:0:0:0:1 GET /webjars/bootstrap/5.3.0/js/bootstrap.bundle.min.js HTTP/1.1 200 (27 milliseconds)
[13/May/2025:07:26:37 +0900] 0:0:0:0:0:0:0:1 GET /register HTTP/1.1 200 (24 milliseconds)
[13/May/2025:07:26:37 +0900] 0:0:0:0:0:0:0:1 GET /webjars/bootstrap/5.3.0/css/bootstrap.min.css HTTP/1.1 200 (23 milliseconds)
[13/May/2025:07:26:37 +0900] 0:0:0:0:0:0:0:1 GET /webjars/bootstrap/5.3.0/js/bootstrap.bundle.min.js HTTP/1.1 200 (25 milliseconds)
[13/May/2025:07:26:37 +0900] 0:0:0:0:0:0:0:1 GET /register HTTP/1.1 200 (24 milliseconds)
[13/May/2025:07:26:37 +0900] 0:0:0:0:0:0:0:1 GET /webjars/bootstrap/5.3.0/js/bootstrap.bundle.min.js HTTP/1.1 200 (23 milliseconds)
[13/May/2025:07:26:37 +0900] 0:0:0:0:0:0:0:1 GET /webjars/bootstrap/5.3.0/css/bootstrap.min.css HTTP/1.1 200 (25 milliseconds)
[13/May/2025:07:26:37 +0900] 0:0:0:0:0:0:0:1 GET /register HTTP/1.1 200 (23 milliseconds)
[13/May/2025:07:26:37 +0900] 0:0:0:0:0:0:0:1 GET /webjars/bootstrap/5.3.0/js/bootstrap.bundle.min.js HTTP/1.1 200 (21 milliseconds)
[13/May/2025:07:26:37 +0900] 0:0:0:0:0:0:0:1 GET /webjars/bootstrap/5.3.0/css/bootstrap.min.css HTTP/1.1 200 (22 milliseconds)
[13/May/2025:07:26:37 +0900] 0:0:0:0:0:0:0:1 GET /register HTTP/1.1 200 (25 milliseconds)
[13/May/2025:07:26:38 +0900] 0:0:0:0:0:0:0:1 GET /webjars/bootstrap/5.3.0/js/bootstrap.bundle.min.js HTTP/1.1 200 (22 milliseconds)
[13/May/2025:07:26:38 +0900] 0:0:0:0:0:0:0:1 GET /webjars/bootstrap/5.3.0/css/bootstrap.min.css HTTP/1.1 200 (24 milliseconds)
[13/May/2025:07:26:38 +0900] 0:0:0:0:0:0:0:1 GET /register HTTP/1.1 200 (24 milliseconds)
[13/May/2025:07:26:38 +0900] 0:0:0:0:0:0:0:1 GET /webjars/bootstrap/5.3.0/js/bootstrap.bundle.min.js HTTP/1.1 200 (21 milliseconds)
[13/May/2025:07:26:38 +0900] 0:0:0:0:0:0:0:1 GET /webjars/bootstrap/5.3.0/css/bootstrap.min.css HTTP/1.1 200 (22 milliseconds)
[13/May/2025:07:26:38 +0900] 0:0:0:0:0:0:0:1 GET /register HTTP/1.1 200 (22 milliseconds)
[13/May/2025:07:26:38 +0900] 0:0:0:0:0:0:0:1 GET /webjars/bootstrap/5.3.0/js/bootstrap.bundle.min.js HTTP/1.1 200 (21 milliseconds)
[13/May/2025:07:26:38 +0900] 0:0:0:0:0:0:0:1 GET /webjars/bootstrap/5.3.0/css/bootstrap.min.css HTTP/1.1 200 (22 milliseconds)
[13/May/2025:07:26:38 +0900] 0:0:0:0:0:0:0:1 GET /register HTTP/1.1 200 (24 milliseconds)
[13/May/2025:07:26:38 +0900] 0:0:0:0:0:0:0:1 GET /webjars/bootstrap/5.3.0/css/bootstrap.min.css HTTP/1.1 200 (22 milliseconds)
[13/May/2025:07:26:38 +0900] 0:0:0:0:0:0:0:1 GET /webjars/bootstrap/5.3.0/js/bootstrap.bundle.min.js HTTP/1.1 200 (24 milliseconds)
[13/May/2025:07:26:43 +0900] 0:0:0:0:0:0:0:1 GET /register HTTP/1.1 200 (26 milliseconds)
[13/May/2025:07:26:43 +0900] 0:0:0:0:0:0:0:1 GET /webjars/bootstrap/5.3.0/css/bootstrap.min.css HTTP/1.1 200 (24 milliseconds)
[13/May/2025:07:26:43 +0900] 0:0:0:0:0:0:0:1 GET /webjars/bootstrap/5.3.0/js/bootstrap.bundle.min.js HTTP/1.1 200 (21 milliseconds)
[13/May/2025:07:26:43 +0900] 0:0:0:0:0:0:0:1 GET /register HTTP/1.1 200 (24 milliseconds)
[13/May/2025:07:26:43 +0900] 0:0:0:0:0:0:0:1 GET /webjars/bootstrap/5.3.0/js/bootstrap.bundle.min.js HTTP/1.1 200 (21 milliseconds)
[13/May/2025:07:26:43 +0900] 0:0:0:0:0:0:0:1 GET /webjars/bootstrap/5.3.0/css/bootstrap.min.css HTTP/1.1 200 (29 milliseconds)
[13/May/2025:07:26:44 +0900] 0:0:0:0:0:0:0:1 GET /register HTTP/1.1 200 (23 milliseconds)
[13/May/2025:07:26:44 +0900] 0:0:0:0:0:0:0:1 GET /webjars/bootstrap/5.3.0/js/bootstrap.bundle.min.js HTTP/1.1 200 (22 milliseconds)
[13/May/2025:07:26:44 +0900] 0:0:0:0:0:0:0:1 GET /webjars/bootstrap/5.3.0/css/bootstrap.min.css HTTP/1.1 200 (24 milliseconds)
[13/May/2025:07:26:44 +0900] 0:0:0:0:0:0:0:1 GET /register HTTP/1.1 200 (22 milliseconds)
[13/May/2025:07:26:44 +0900] 0:0:0:0:0:0:0:1 GET /webjars/bootstrap/5.3.0/js/bootstrap.bundle.min.js HTTP/1.1 200 (22 milliseconds)
[13/May/2025:07:26:44 +0900] 0:0:0:0:0:0:0:1 GET /webjars/bootstrap/5.3.0/css/bootstrap.min.css HTTP/1.1 200 (24 milliseconds)
[13/May/2025:07:26:44 +0900] 0:0:0:0:0:0:0:1 GET /register HTTP/1.1 200 (23 milliseconds)
[13/May/2025:07:26:44 +0900] 0:0:0:0:0:0:0:1 GET /webjars/bootstrap/5.3.0/js/bootstrap.bundle.min.js HTTP/1.1 200 (20 milliseconds)
[13/May/2025:07:26:44 +0900] 0:0:0:0:0:0:0:1 GET /webjars/bootstrap/5.3.0/css/bootstrap.min.css HTTP/1.1 200 (21 milliseconds)
[13/May/2025:07:26:44 +0900] 0:0:0:0:0:0:0:1 GET /register HTTP/1.1 200 (33 milliseconds)
[13/May/2025:07:26:44 +0900] 0:0:0:0:0:0:0:1 GET /webjars/bootstrap/5.3.0/js/bootstrap.bundle.min.js HTTP/1.1 200 (26 milliseconds)
[13/May/2025:07:26:44 +0900] 0:0:0:0:0:0:0:1 GET /webjars/bootstrap/5.3.0/css/bootstrap.min.css HTTP/1.1 200 (29 milliseconds)
[13/May/2025:07:26:44 +0900] 0:0:0:0:0:0:0:1 GET /register HTTP/1.1 200 (24 milliseconds)
[13/May/2025:07:26:44 +0900] 0:0:0:0:0:0:0:1 GET /webjars/bootstrap/5.3.0/css/bootstrap.min.css HTTP/1.1 200 (23 milliseconds)
[13/May/2025:07:26:44 +0900] 0:0:0:0:0:0:0:1 GET /webjars/bootstrap/5.3.0/js/bootstrap.bundle.min.js HTTP/1.1 200 (25 milliseconds)
[13/May/2025:07:26:45 +0900] 0:0:0:0:0:0:0:1 GET /register HTTP/1.1 200 (22 milliseconds)
[13/May/2025:07:26:45 +0900] 0:0:0:0:0:0:0:1 GET /webjars/bootstrap/5.3.0/js/bootstrap.bundle.min.js HTTP/1.1 200 (20 milliseconds)
[13/May/2025:07:26:45 +0900] 0:0:0:0:0:0:0:1 GET /webjars/bootstrap/5.3.0/css/bootstrap.min.css HTTP/1.1 200 (27 milliseconds)
[13/May/2025:07:26:45 +0900] 0:0:0:0:0:0:0:1 GET /register HTTP/1.1 200 (23 milliseconds)
[13/May/2025:07:26:45 +0900] 0:0:0:0:0:0:0:1 GET /webjars/bootstrap/5.3.0/js/bootstrap.bundle.min.js HTTP/1.1 200 (20 milliseconds)
[13/May/2025:07:26:45 +0900] 0:0:0:0:0:0:0:1 GET /webjars/bootstrap/5.3.0/css/bootstrap.min.css HTTP/1.1 200 (22 milliseconds)
[13/May/2025:07:26:45 +0900] 0:0:0:0:0:0:0:1 GET /register HTTP/1.1 200 (24 milliseconds)
[13/May/2025:07:26:45 +0900] 0:0:0:0:0:0:0:1 GET /webjars/bootstrap/5.3.0/css/bootstrap.min.css HTTP/1.1 200 (24 milliseconds)
[13/May/2025:07:26:45 +0900] 0:0:0:0:0:0:0:1 GET /webjars/bootstrap/5.3.0/js/bootstrap.bundle.min.js HTTP/1.1 200 (25 milliseconds)
[13/May/2025:07:26:45 +0900] 0:0:0:0:0:0:0:1 GET /register HTTP/1.1 200 (25 milliseconds)
[13/May/2025:07:26:45 +0900] 0:0:0:0:0:0:0:1 GET /webjars/bootstrap/5.3.0/css/bootstrap.min.css HTTP/1.1 200 (27 milliseconds)
[13/May/2025:07:26:45 +0900] 0:0:0:0:0:0:0:1 GET /webjars/bootstrap/5.3.0/js/bootstrap.bundle.min.js HTTP/1.1 200 (29 milliseconds)
[13/May/2025:07:26:46 +0900] 0:0:0:0:0:0:0:1 GET /register HTTP/1.1 200 (24 milliseconds)
[13/May/2025:07:26:46 +0900] 0:0:0:0:0:0:0:1 GET /webjars/bootstrap/5.3.0/js/bootstrap.bundle.min.js HTTP/1.1 200 (22 milliseconds)
[13/May/2025:07:26:46 +0900] 0:0:0:0:0:0:0:1 GET /webjars/bootstrap/5.3.0/css/bootstrap.min.css HTTP/1.1 200 (24 milliseconds)
[13/May/2025:07:26:46 +0900] 0:0:0:0:0:0:0:1 GET /register HTTP/1.1 200 (20 milliseconds)
[13/May/2025:07:26:46 +0900] 0:0:0:0:0:0:0:1 GET /webjars/bootstrap/5.3.0/js/bootstrap.bundle.min.js HTTP/1.1 200 (20 milliseconds)
[13/May/2025:07:26:46 +0900] 0:0:0:0:0:0:0:1 GET /webjars/bootstrap/5.3.0/css/bootstrap.min.css HTTP/1.1 200 (22 milliseconds)
[13/May/2025:07:27:06 +0900] 192.168.0.2 GET /favicon.ico HTTP/1.0 302 (1 milliseconds)
[13/May/2025:07:30:32 +0900] 192.168.0.2 GET /fapi/v1/ticker/bookTicker?symbol=BTCUSDT HTTP/1.0 302 (21 milliseconds)
[13/May/2025:07:32:44 +0900] 192.168.0.2 PROPFIND / HTTP/1.0 400 (1 milliseconds)
[13/May/2025:07:34:28 +0900] 0:0:0:0:0:0:0:1 POST /register HTTP/1.1 302 (18 milliseconds)
[13/May/2025:07:34:28 +0900] 0:0:0:0:0:0:0:1 GET /login HTTP/1.1 200 (22 milliseconds)
[13/May/2025:07:34:28 +0900] 0:0:0:0:0:0:0:1 GET /webjars/bootstrap/5.3.0/js/bootstrap.bundle.min.js HTTP/1.1 200 (23 milliseconds)
[13/May/2025:07:34:28 +0900] 0:0:0:0:0:0:0:1 GET /webjars/bootstrap/5.3.0/css/bootstrap.min.css HTTP/1.1 200 (26 milliseconds)
[13/May/2025:07:34:34 +0900] 0:0:0:0:0:0:0:1 POST /login HTTP/1.1 302 (83 milliseconds)
[13/May/2025:07:34:34 +0900] 0:0:0:0:0:0:0:1 GET /register HTTP/1.1 200 (25 milliseconds)
[13/May/2025:07:34:34 +0900] 0:0:0:0:0:0:0:1 GET /webjars/bootstrap/5.3.0/js/bootstrap.bundle.min.js HTTP/1.1 200 (22 milliseconds)
[13/May/2025:07:34:34 +0900] 0:0:0:0:0:0:0:1 GET /webjars/bootstrap/5.3.0/css/bootstrap.min.css HTTP/1.1 200 (24 milliseconds)
[13/May/2025:07:34:37 +0900] 0:0:0:0:0:0:0:1 POST /register HTTP/1.1 200 (39 milliseconds)
[13/May/2025:07:34:37 +0900] 0:0:0:0:0:0:0:1 GET /webjars/bootstrap/5.3.0/js/bootstrap.bundle.min.js HTTP/1.1 200 (18 milliseconds)
[13/May/2025:07:34:37 +0900] 0:0:0:0:0:0:0:1 GET /webjars/bootstrap/5.3.0/css/bootstrap.min.css HTTP/1.1 200 (25 milliseconds)
[13/May/2025:07:34:40 +0900] 0:0:0:0:0:0:0:1 POST /logout HTTP/1.1 302 (18 milliseconds)
[13/May/2025:07:34:40 +0900] 0:0:0:0:0:0:0:1 GET /login HTTP/1.1 200 (15 milliseconds)
[13/May/2025:07:34:40 +0900] 0:0:0:0:0:0:0:1 GET /webjars/bootstrap/5.3.0/css/bootstrap.min.css HTTP/1.1 200 (22 milliseconds)
[13/May/2025:07:34:40 +0900] 0:0:0:0:0:0:0:1 GET /webjars/bootstrap/5.3.0/js/bootstrap.bundle.min.js HTTP/1.1 200 (24 milliseconds)
[13/May/2025:07:34:43 +0900] 0:0:0:0:0:0:0:1 POST /login HTTP/1.1 302 (89 milliseconds)
[13/May/2025:07:34:43 +0900] 0:0:0:0:0:0:0:1 GET /public HTTP/1.1 302 (19 milliseconds)
[13/May/2025:07:34:43 +0900] 0:0:0:0:0:0:0:1 GET /login HTTP/1.1 200 (36 milliseconds)
[13/May/2025:07:34:43 +0900] 0:0:0:0:0:0:0:1 GET /webjars/bootstrap/5.3.0/css/bootstrap.min.css HTTP/1.1 200 (30 milliseconds)
[13/May/2025:07:34:43 +0900] 0:0:0:0:0:0:0:1 GET /webjars/bootstrap/5.3.0/js/bootstrap.bundle.min.js HTTP/1.1 200 (25 milliseconds)
